{"uuid":"1812eda0-0f66-48b3-8f8f-b5290d7dfe80","name":"homePageTest.HomePageUITests","children":["6082526d-d628-4e9c-97cc-45e366c9be27"],"befores":[{"name":"Before method","status":"passed","stage":"finished","description":"Before method","steps":[],"attachments":[],"parameters":[],"start":1591258734381,"stop":1591258740203},{"name":"setUp","status":"passed","stage":"finished","description":"Log in To Application3","steps":[{"name":"isLoaded","status":"failed","statusDetails":{"known":false,"muted":false,"flaky":false,"message":"Page title in incorrect. expected [Laravel] but found []","trace":"java.lang.AssertionError: Page title in incorrect. expected [Laravel] but found []\r\n\tat org.testng.Assert.fail(Assert.java:96)\r\n\tat org.testng.Assert.failNotEquals(Assert.java:776)\r\n\tat org.testng.Assert.assertEqualsImpl(Assert.java:137)\r\n\tat org.testng.Assert.assertEquals(Assert.java:118)\r\n\tat org.testng.Assert.assertEquals(Assert.java:453)\r\n\tat pages.basePage.BasePage.checkPageTitle(BasePage.java:93)\r\n\tat pages.homePage.HomePage.isLoaded(HomePage.java:51)\r\n\tat org.openqa.selenium.support.ui.SlowLoadableComponent.get(SlowLoadableComponent.java:48)\r\n\tat homePageTest.HomePageUITests.setUp(HomePageUITests.java:15)\r\n\tat java.base/jdk.internal.reflect.NativeMethodAccessorImpl.invoke0(Native Method)\r\n\tat java.base/jdk.internal.reflect.NativeMethodAccessorImpl.invoke(NativeMethodAccessorImpl.java:62)\r\n\tat java.base/jdk.internal.reflect.DelegatingMethodAccessorImpl.invoke(DelegatingMethodAccessorImpl.java:43)\r\n\tat java.base/java.lang.reflect.Method.invoke(Method.java:564)\r\n\tat org.testng.internal.MethodInvocationHelper.invokeMethod(MethodInvocationHelper.java:124)\r\n\tat org.testng.internal.MethodInvocationHelper.invokeMethodConsideringTimeout(MethodInvocationHelper.java:59)\r\n\tat org.testng.internal.Invoker.invokeConfigurationMethod(Invoker.java:458)\r\n\tat org.testng.internal.Invoker.invokeConfigurations(Invoker.java:222)\r\n\tat org.testng.internal.Invoker.invokeConfigurations(Invoker.java:142)\r\n\tat org.testng.internal.TestMethodWorker.invokeBeforeClassMethods(TestMethodWorker.java:168)\r\n\tat org.testng.internal.TestMethodWorker.run(TestMethodWorker.java:105)\r\n\tat org.testng.TestRunner.privateRun(TestRunner.java:648)\r\n\tat org.testng.TestRunner.run(TestRunner.java:505)\r\n\tat org.testng.SuiteRunner.runTest(SuiteRunner.java:455)\r\n\tat org.testng.SuiteRunner.runSequentially(SuiteRunner.java:450)\r\n\tat org.testng.SuiteRunner.privateRun(SuiteRunner.java:415)\r\n\tat org.testng.SuiteRunner.run(SuiteRunner.java:364)\r\n\tat org.testng.SuiteRunnerWorker.runSuite(SuiteRunnerWorker.java:52)\r\n\tat org.testng.SuiteRunnerWorker.run(SuiteRunnerWorker.java:84)\r\n\tat org.testng.TestNG.runSuitesSequentially(TestNG.java:1208)\r\n\tat org.testng.TestNG.runSuitesLocally(TestNG.java:1137)\r\n\tat org.testng.TestNG.runSuites(TestNG.java:1049)\r\n\tat org.testng.TestNG.run(TestNG.java:1017)\r\n\tat org.apache.maven.surefire.testng.TestNGExecutor.run(TestNGExecutor.java:283)\r\n\tat org.apache.maven.surefire.testng.TestNGXmlTestSuite.execute(TestNGXmlTestSuite.java:75)\r\n\tat org.apache.maven.surefire.testng.TestNGProvider.invoke(TestNGProvider.java:120)\r\n\tat org.apache.maven.surefire.booter.ForkedBooter.invokeProviderInSameClassLoader(ForkedBooter.java:383)\r\n\tat org.apache.maven.surefire.booter.ForkedBooter.runSuitesInProcess(ForkedBooter.java:344)\r\n\tat org.apache.maven.surefire.booter.ForkedBooter.execute(ForkedBooter.java:125)\r\n\tat org.apache.maven.surefire.booter.ForkedBooter.main(ForkedBooter.java:417)\r\n"},"stage":"finished","steps":[{"name":"checkPageTitle","status":"failed","statusDetails":{"known":false,"muted":false,"flaky":false,"message":"Page title in incorrect. expected [Laravel] but found []","trace":"java.lang.AssertionError: Page title in incorrect. expected [Laravel] but found []\r\n\tat org.testng.Assert.fail(Assert.java:96)\r\n\tat org.testng.Assert.failNotEquals(Assert.java:776)\r\n\tat org.testng.Assert.assertEqualsImpl(Assert.java:137)\r\n\tat org.testng.Assert.assertEquals(Assert.java:118)\r\n\tat org.testng.Assert.assertEquals(Assert.java:453)\r\n\tat pages.basePage.BasePage.checkPageTitle(BasePage.java:93)\r\n\tat pages.homePage.HomePage.isLoaded(HomePage.java:51)\r\n\tat org.openqa.selenium.support.ui.SlowLoadableComponent.get(SlowLoadableComponent.java:48)\r\n\tat homePageTest.HomePageUITests.setUp(HomePageUITests.java:15)\r\n\tat java.base/jdk.internal.reflect.NativeMethodAccessorImpl.invoke0(Native Method)\r\n\tat java.base/jdk.internal.reflect.NativeMethodAccessorImpl.invoke(NativeMethodAccessorImpl.java:62)\r\n\tat java.base/jdk.internal.reflect.DelegatingMethodAccessorImpl.invoke(DelegatingMethodAccessorImpl.java:43)\r\n\tat java.base/java.lang.reflect.Method.invoke(Method.java:564)\r\n\tat org.testng.internal.MethodInvocationHelper.invokeMethod(MethodInvocationHelper.java:124)\r\n\tat org.testng.internal.MethodInvocationHelper.invokeMethodConsideringTimeout(MethodInvocationHelper.java:59)\r\n\tat org.testng.internal.Invoker.invokeConfigurationMethod(Invoker.java:458)\r\n\tat org.testng.internal.Invoker.invokeConfigurations(Invoker.java:222)\r\n\tat org.testng.internal.Invoker.invokeConfigurations(Invoker.java:142)\r\n\tat org.testng.internal.TestMethodWorker.invokeBeforeClassMethods(TestMethodWorker.java:168)\r\n\tat org.testng.internal.TestMethodWorker.run(TestMethodWorker.java:105)\r\n\tat org.testng.TestRunner.privateRun(TestRunner.java:648)\r\n\tat org.testng.TestRunner.run(TestRunner.java:505)\r\n\tat org.testng.SuiteRunner.runTest(SuiteRunner.java:455)\r\n\tat org.testng.SuiteRunner.runSequentially(SuiteRunner.java:450)\r\n\tat org.testng.SuiteRunner.privateRun(SuiteRunner.java:415)\r\n\tat org.testng.SuiteRunner.run(SuiteRunner.java:364)\r\n\tat org.testng.SuiteRunnerWorker.runSuite(SuiteRunnerWorker.java:52)\r\n\tat org.testng.SuiteRunnerWorker.run(SuiteRunnerWorker.java:84)\r\n\tat org.testng.TestNG.runSuitesSequentially(TestNG.java:1208)\r\n\tat org.testng.TestNG.runSuitesLocally(TestNG.java:1137)\r\n\tat org.testng.TestNG.runSuites(TestNG.java:1049)\r\n\tat org.testng.TestNG.run(TestNG.java:1017)\r\n\tat org.apache.maven.surefire.testng.TestNGExecutor.run(TestNGExecutor.java:283)\r\n\tat org.apache.maven.surefire.testng.TestNGXmlTestSuite.execute(TestNGXmlTestSuite.java:75)\r\n\tat org.apache.maven.surefire.testng.TestNGProvider.invoke(TestNGProvider.java:120)\r\n\tat org.apache.maven.surefire.booter.ForkedBooter.invokeProviderInSameClassLoader(ForkedBooter.java:383)\r\n\tat org.apache.maven.surefire.booter.ForkedBooter.runSuitesInProcess(ForkedBooter.java:344)\r\n\tat org.apache.maven.surefire.booter.ForkedBooter.execute(ForkedBooter.java:125)\r\n\tat org.apache.maven.surefire.booter.ForkedBooter.main(ForkedBooter.java:417)\r\n"},"stage":"finished","steps":[],"attachments":[],"parameters":[{"name":"strPageTitle","value":"Laravel"}],"start":1591258740221,"stop":1591258740240}],"attachments":[],"parameters":[],"start":1591258740219,"stop":1591258740241},{"name":"load","status":"passed","stage":"finished","steps":[{"name":"open","status":"passed","stage":"finished","steps":[],"attachments":[],"parameters":[{"name":"strPageURL","value":"/"},{"name":"bUseBaseURL","value":"true"}],"start":1591258740242,"stop":1591258740774}],"attachments":[],"parameters":[],"start":1591258740241,"stop":1591258740774},{"name":"isLoaded","status":"passed","stage":"finished","steps":[{"name":"checkPageTitle","status":"passed","stage":"finished","steps":[],"attachments":[],"parameters":[{"name":"strPageTitle","value":"Laravel"}],"start":1591258740774,"stop":1591258740778},{"name":"checkPageURL","status":"passed","stage":"finished","steps":[{"name":"checkPageURL","status":"passed","stage":"finished","steps":[],"attachments":[],"parameters":[{"name":"strPageURL","value":"/"},{"name":"bUseBaseURL","value":"true"}],"start":1591258740779,"stop":1591258740784}],"attachments":[],"parameters":[{"name":"strPageURL","value":"/"}],"start":1591258740779,"stop":1591258740784},{"name":"waitElementToBeInvisible","status":"passed","stage":"finished","steps":[],"attachments":[],"parameters":[{"name":"webElement","value":"[[ChromeDriver: chrome on XP (c37434605c833be535959e62aad6e709)] -> xpath: //*[text()='Laravel']]"}],"start":1591258740796,"stop":1591258740813}],"attachments":[],"parameters":[],"start":1591258740774,"stop":1591258741813},{"name":"isLoaded","status":"passed","stage":"finished","steps":[{"name":"checkPageTitle","status":"passed","stage":"finished","steps":[],"attachments":[],"parameters":[{"name":"strPageTitle","value":"Laravel"}],"start":1591258741813,"stop":1591258741817},{"name":"checkPageURL","status":"passed","stage":"finished","steps":[{"name":"checkPageURL","status":"passed","stage":"finished","steps":[],"attachments":[],"parameters":[{"name":"strPageURL","value":"/"},{"name":"bUseBaseURL","value":"true"}],"start":1591258741818,"stop":1591258741821}],"attachments":[],"parameters":[{"name":"strPageURL","value":"/"}],"start":1591258741818,"stop":1591258741821},{"name":"waitElementToBeInvisible","status":"passed","stage":"finished","steps":[],"attachments":[],"parameters":[{"name":"webElement","value":"[[ChromeDriver: chrome on XP (c37434605c833be535959e62aad6e709)] -> xpath: //*[text()='Laravel']]"}],"start":1591258741827,"stop":1591258741837}],"attachments":[],"parameters":[],"start":1591258741813,"stop":1591258742838}],"attachments":[],"parameters":[],"start":1591258740204,"stop":1591258742838}],"afters":[{"name":"tearDown","status":"passed","stage":"finished","description":"Clean app Data and Close Browser","steps":[],"attachments":[],"parameters":[],"start":1591258742995,"stop":1591258743600}],"links":[],"start":1591258733720,"stop":1591258807391}