{"uuid":"9232e395-c7a7-4292-99da-5ef1d5388783","name":"registrationTests.RegistrationPageUITests","children":["bc45b0eb-979b-42d7-89ff-fc6d2dfe0a3f"],"befores":[{"name":"Before method","status":"passed","stage":"finished","description":"Before method","steps":[],"attachments":[],"parameters":[],"start":1591258787945,"stop":1591258792909},{"name":"setUp","status":"passed","stage":"finished","description":"Open Register To Application Page","steps":[{"name":"isLoaded","status":"failed","statusDetails":{"known":false,"muted":false,"flaky":false,"message":"Page title in incorrect. expected [Laravel] but found []","trace":"java.lang.AssertionError: Page title in incorrect. expected [Laravel] but found []\r\n\tat org.testng.Assert.fail(Assert.java:96)\r\n\tat org.testng.Assert.failNotEquals(Assert.java:776)\r\n\tat org.testng.Assert.assertEqualsImpl(Assert.java:137)\r\n\tat org.testng.Assert.assertEquals(Assert.java:118)\r\n\tat org.testng.Assert.assertEquals(Assert.java:453)\r\n\tat pages.basePage.BasePage.checkPageTitle(BasePage.java:93)\r\n\tat pages.homePage.HomePage.isLoaded(HomePage.java:51)\r\n\tat org.openqa.selenium.support.ui.SlowLoadableComponent.get(SlowLoadableComponent.java:48)\r\n\tat registrationTests.RegistrationPageUITests.setUp(RegistrationPageUITests.java:15)\r\n\tat java.base/jdk.internal.reflect.NativeMethodAccessorImpl.invoke0(Native Method)\r\n\tat java.base/jdk.internal.reflect.NativeMethodAccessorImpl.invoke(NativeMethodAccessorImpl.java:62)\r\n\tat java.base/jdk.internal.reflect.DelegatingMethodAccessorImpl.invoke(DelegatingMethodAccessorImpl.java:43)\r\n\tat java.base/java.lang.reflect.Method.invoke(Method.java:564)\r\n\tat org.testng.internal.MethodInvocationHelper.invokeMethod(MethodInvocationHelper.java:124)\r\n\tat org.testng.internal.MethodInvocationHelper.invokeMethodConsideringTimeout(MethodInvocationHelper.java:59)\r\n\tat org.testng.internal.Invoker.invokeConfigurationMethod(Invoker.java:458)\r\n\tat org.testng.internal.Invoker.invokeConfigurations(Invoker.java:222)\r\n\tat org.testng.internal.Invoker.invokeConfigurations(Invoker.java:142)\r\n\tat org.testng.internal.TestMethodWorker.invokeBeforeClassMethods(TestMethodWorker.java:168)\r\n\tat org.testng.internal.TestMethodWorker.run(TestMethodWorker.java:105)\r\n\tat org.testng.TestRunner.privateRun(TestRunner.java:648)\r\n\tat org.testng.TestRunner.run(TestRunner.java:505)\r\n\tat org.testng.SuiteRunner.runTest(SuiteRunner.java:455)\r\n\tat org.testng.SuiteRunner.runSequentially(SuiteRunner.java:450)\r\n\tat org.testng.SuiteRunner.privateRun(SuiteRunner.java:415)\r\n\tat org.testng.SuiteRunner.run(SuiteRunner.java:364)\r\n\tat org.testng.SuiteRunnerWorker.runSuite(SuiteRunnerWorker.java:52)\r\n\tat org.testng.SuiteRunnerWorker.run(SuiteRunnerWorker.java:84)\r\n\tat org.testng.TestNG.runSuitesSequentially(TestNG.java:1208)\r\n\tat org.testng.TestNG.runSuitesLocally(TestNG.java:1137)\r\n\tat org.testng.TestNG.runSuites(TestNG.java:1049)\r\n\tat org.testng.TestNG.run(TestNG.java:1017)\r\n\tat org.apache.maven.surefire.testng.TestNGExecutor.run(TestNGExecutor.java:283)\r\n\tat org.apache.maven.surefire.testng.TestNGXmlTestSuite.execute(TestNGXmlTestSuite.java:75)\r\n\tat org.apache.maven.surefire.testng.TestNGProvider.invoke(TestNGProvider.java:120)\r\n\tat org.apache.maven.surefire.booter.ForkedBooter.invokeProviderInSameClassLoader(ForkedBooter.java:383)\r\n\tat org.apache.maven.surefire.booter.ForkedBooter.runSuitesInProcess(ForkedBooter.java:344)\r\n\tat org.apache.maven.surefire.booter.ForkedBooter.execute(ForkedBooter.java:125)\r\n\tat org.apache.maven.surefire.booter.ForkedBooter.main(ForkedBooter.java:417)\r\n"},"stage":"finished","steps":[{"name":"checkPageTitle","status":"failed","statusDetails":{"known":false,"muted":false,"flaky":false,"message":"Page title in incorrect. expected [Laravel] but found []","trace":"java.lang.AssertionError: Page title in incorrect. expected [Laravel] but found []\r\n\tat org.testng.Assert.fail(Assert.java:96)\r\n\tat org.testng.Assert.failNotEquals(Assert.java:776)\r\n\tat org.testng.Assert.assertEqualsImpl(Assert.java:137)\r\n\tat org.testng.Assert.assertEquals(Assert.java:118)\r\n\tat org.testng.Assert.assertEquals(Assert.java:453)\r\n\tat pages.basePage.BasePage.checkPageTitle(BasePage.java:93)\r\n\tat pages.homePage.HomePage.isLoaded(HomePage.java:51)\r\n\tat org.openqa.selenium.support.ui.SlowLoadableComponent.get(SlowLoadableComponent.java:48)\r\n\tat registrationTests.RegistrationPageUITests.setUp(RegistrationPageUITests.java:15)\r\n\tat java.base/jdk.internal.reflect.NativeMethodAccessorImpl.invoke0(Native Method)\r\n\tat java.base/jdk.internal.reflect.NativeMethodAccessorImpl.invoke(NativeMethodAccessorImpl.java:62)\r\n\tat java.base/jdk.internal.reflect.DelegatingMethodAccessorImpl.invoke(DelegatingMethodAccessorImpl.java:43)\r\n\tat java.base/java.lang.reflect.Method.invoke(Method.java:564)\r\n\tat org.testng.internal.MethodInvocationHelper.invokeMethod(MethodInvocationHelper.java:124)\r\n\tat org.testng.internal.MethodInvocationHelper.invokeMethodConsideringTimeout(MethodInvocationHelper.java:59)\r\n\tat org.testng.internal.Invoker.invokeConfigurationMethod(Invoker.java:458)\r\n\tat org.testng.internal.Invoker.invokeConfigurations(Invoker.java:222)\r\n\tat org.testng.internal.Invoker.invokeConfigurations(Invoker.java:142)\r\n\tat org.testng.internal.TestMethodWorker.invokeBeforeClassMethods(TestMethodWorker.java:168)\r\n\tat org.testng.internal.TestMethodWorker.run(TestMethodWorker.java:105)\r\n\tat org.testng.TestRunner.privateRun(TestRunner.java:648)\r\n\tat org.testng.TestRunner.run(TestRunner.java:505)\r\n\tat org.testng.SuiteRunner.runTest(SuiteRunner.java:455)\r\n\tat org.testng.SuiteRunner.runSequentially(SuiteRunner.java:450)\r\n\tat org.testng.SuiteRunner.privateRun(SuiteRunner.java:415)\r\n\tat org.testng.SuiteRunner.run(SuiteRunner.java:364)\r\n\tat org.testng.SuiteRunnerWorker.runSuite(SuiteRunnerWorker.java:52)\r\n\tat org.testng.SuiteRunnerWorker.run(SuiteRunnerWorker.java:84)\r\n\tat org.testng.TestNG.runSuitesSequentially(TestNG.java:1208)\r\n\tat org.testng.TestNG.runSuitesLocally(TestNG.java:1137)\r\n\tat org.testng.TestNG.runSuites(TestNG.java:1049)\r\n\tat org.testng.TestNG.run(TestNG.java:1017)\r\n\tat org.apache.maven.surefire.testng.TestNGExecutor.run(TestNGExecutor.java:283)\r\n\tat org.apache.maven.surefire.testng.TestNGXmlTestSuite.execute(TestNGXmlTestSuite.java:75)\r\n\tat org.apache.maven.surefire.testng.TestNGProvider.invoke(TestNGProvider.java:120)\r\n\tat org.apache.maven.surefire.booter.ForkedBooter.invokeProviderInSameClassLoader(ForkedBooter.java:383)\r\n\tat org.apache.maven.surefire.booter.ForkedBooter.runSuitesInProcess(ForkedBooter.java:344)\r\n\tat org.apache.maven.surefire.booter.ForkedBooter.execute(ForkedBooter.java:125)\r\n\tat org.apache.maven.surefire.booter.ForkedBooter.main(ForkedBooter.java:417)\r\n"},"stage":"finished","steps":[],"attachments":[],"parameters":[{"name":"strPageTitle","value":"Laravel"}],"start":1591258792910,"stop":1591258792919}],"attachments":[],"parameters":[],"start":1591258792910,"stop":1591258792920},{"name":"load","status":"passed","stage":"finished","steps":[{"name":"open","status":"passed","stage":"finished","steps":[],"attachments":[],"parameters":[{"name":"strPageURL","value":"/"},{"name":"bUseBaseURL","value":"true"}],"start":1591258792920,"stop":1591258793242}],"attachments":[],"parameters":[],"start":1591258792920,"stop":1591258793242},{"name":"isLoaded","status":"passed","stage":"finished","steps":[{"name":"checkPageTitle","status":"passed","stage":"finished","steps":[],"attachments":[],"parameters":[{"name":"strPageTitle","value":"Laravel"}],"start":1591258793243,"stop":1591258793247},{"name":"checkPageURL","status":"passed","stage":"finished","steps":[{"name":"checkPageURL","status":"passed","stage":"finished","steps":[],"attachments":[],"parameters":[{"name":"strPageURL","value":"/"},{"name":"bUseBaseURL","value":"true"}],"start":1591258793247,"stop":1591258793249}],"attachments":[],"parameters":[{"name":"strPageURL","value":"/"}],"start":1591258793247,"stop":1591258793249},{"name":"waitElementToBeInvisible","status":"passed","stage":"finished","steps":[],"attachments":[],"parameters":[{"name":"webElement","value":"[[ChromeDriver: chrome on XP (a20f99fc293a6c4abcf2b738d37b4368)] -> xpath: //*[text()='Laravel']]"}],"start":1591258793259,"stop":1591258793272}],"attachments":[],"parameters":[],"start":1591258793242,"stop":1591258794272},{"name":"clickOnRegisterButton","status":"passed","stage":"finished","steps":[{"name":"waitElementToBeVisible","status":"passed","stage":"finished","steps":[],"attachments":[],"parameters":[{"name":"webElement","value":"[[ChromeDriver: chrome on XP (a20f99fc293a6c4abcf2b738d37b4368)] -> xpath: //*[text() = 'Register']]"},{"name":"seconds","value":"10"}],"start":1591258794283,"stop":1591258794295},{"name":"waitElementToBeClickable","status":"passed","stage":"finished","steps":[],"attachments":[],"parameters":[{"name":"webElement","value":"[[ChromeDriver: chrome on XP (a20f99fc293a6c4abcf2b738d37b4368)] -> xpath: //*[text() = 'Register']]"}],"start":1591258794302,"stop":1591258794320},{"name":"clickOnElement","status":"passed","stage":"finished","steps":[],"attachments":[],"parameters":[{"name":"webElement","value":"[[ChromeDriver: chrome on XP (a20f99fc293a6c4abcf2b738d37b4368)] -> xpath: //*[text() = 'Register']]"}],"start":1591258794325,"stop":1591258794895}],"attachments":[],"parameters":[],"start":1591258794272,"stop":1591258794895},{"name":"isLoaded","status":"passed","stage":"finished","steps":[{"name":"checkPageTitle","status":"passed","stage":"finished","steps":[],"attachments":[],"parameters":[{"name":"strPageTitle","value":"QA_task"}],"start":1591258794895,"stop":1591258794898},{"name":"checkPageURL","status":"passed","stage":"finished","steps":[{"name":"checkPageURL","status":"passed","stage":"finished","steps":[],"attachments":[],"parameters":[{"name":"strPageURL","value":"/register"},{"name":"bUseBaseURL","value":"true"}],"start":1591258794898,"stop":1591258794902}],"attachments":[],"parameters":[{"name":"strPageURL","value":"/register"}],"start":1591258794898,"stop":1591258794902},{"name":"checkIfElementIsVisible","status":"passed","stage":"finished","steps":[],"attachments":[],"parameters":[{"name":"webElement","value":"[[ChromeDriver: chrome on XP (a20f99fc293a6c4abcf2b738d37b4368)] -> xpath: //*[@type = 'submit']]"}],"start":1591258794910,"stop":1591258794924}],"attachments":[],"parameters":[],"start":1591258794895,"stop":1591258795925}],"attachments":[],"parameters":[],"start":1591258792909,"stop":1591258795925}],"afters":[{"name":"tearDown","status":"passed","stage":"finished","description":"Clean app Data and Close Browser","steps":[],"attachments":[],"parameters":[],"start":1591258796013,"stop":1591258796589}],"links":[],"start":1591258733721,"stop":1591258807408}