{"uuid":"e4f37d75-6603-4fa5-95bd-c4b1af93cc09","name":"registrationTests.SuccessfulRegistrationTests","children":["362979a9-d8ad-432b-88f2-e20331e5b513"],"befores":[{"name":"Before method","status":"passed","stage":"finished","description":"Before method","steps":[],"attachments":[],"parameters":[],"start":1591258796590,"stop":1591258801551},{"name":"setUp","status":"passed","stage":"finished","description":"Open Register To Application Page","steps":[{"name":"isLoaded","status":"failed","statusDetails":{"known":false,"muted":false,"flaky":false,"message":"Page title in incorrect. expected [Laravel] but found []","trace":"java.lang.AssertionError: Page title in incorrect. expected [Laravel] but found []\r\n\tat org.testng.Assert.fail(Assert.java:96)\r\n\tat org.testng.Assert.failNotEquals(Assert.java:776)\r\n\tat org.testng.Assert.assertEqualsImpl(Assert.java:137)\r\n\tat org.testng.Assert.assertEquals(Assert.java:118)\r\n\tat org.testng.Assert.assertEquals(Assert.java:453)\r\n\tat pages.basePage.BasePage.checkPageTitle(BasePage.java:93)\r\n\tat pages.homePage.HomePage.isLoaded(HomePage.java:51)\r\n\tat org.openqa.selenium.support.ui.SlowLoadableComponent.get(SlowLoadableComponent.java:48)\r\n\tat registrationTests.SuccessfulRegistrationTests.setUp(SuccessfulRegistrationTests.java:15)\r\n\tat java.base/jdk.internal.reflect.NativeMethodAccessorImpl.invoke0(Native Method)\r\n\tat java.base/jdk.internal.reflect.NativeMethodAccessorImpl.invoke(NativeMethodAccessorImpl.java:62)\r\n\tat java.base/jdk.internal.reflect.DelegatingMethodAccessorImpl.invoke(DelegatingMethodAccessorImpl.java:43)\r\n\tat java.base/java.lang.reflect.Method.invoke(Method.java:564)\r\n\tat org.testng.internal.MethodInvocationHelper.invokeMethod(MethodInvocationHelper.java:124)\r\n\tat org.testng.internal.MethodInvocationHelper.invokeMethodConsideringTimeout(MethodInvocationHelper.java:59)\r\n\tat org.testng.internal.Invoker.invokeConfigurationMethod(Invoker.java:458)\r\n\tat org.testng.internal.Invoker.invokeConfigurations(Invoker.java:222)\r\n\tat org.testng.internal.Invoker.invokeConfigurations(Invoker.java:142)\r\n\tat org.testng.internal.TestMethodWorker.invokeBeforeClassMethods(TestMethodWorker.java:168)\r\n\tat org.testng.internal.TestMethodWorker.run(TestMethodWorker.java:105)\r\n\tat org.testng.TestRunner.privateRun(TestRunner.java:648)\r\n\tat org.testng.TestRunner.run(TestRunner.java:505)\r\n\tat org.testng.SuiteRunner.runTest(SuiteRunner.java:455)\r\n\tat org.testng.SuiteRunner.runSequentially(SuiteRunner.java:450)\r\n\tat org.testng.SuiteRunner.privateRun(SuiteRunner.java:415)\r\n\tat org.testng.SuiteRunner.run(SuiteRunner.java:364)\r\n\tat org.testng.SuiteRunnerWorker.runSuite(SuiteRunnerWorker.java:52)\r\n\tat org.testng.SuiteRunnerWorker.run(SuiteRunnerWorker.java:84)\r\n\tat org.testng.TestNG.runSuitesSequentially(TestNG.java:1208)\r\n\tat org.testng.TestNG.runSuitesLocally(TestNG.java:1137)\r\n\tat org.testng.TestNG.runSuites(TestNG.java:1049)\r\n\tat org.testng.TestNG.run(TestNG.java:1017)\r\n\tat org.apache.maven.surefire.testng.TestNGExecutor.run(TestNGExecutor.java:283)\r\n\tat org.apache.maven.surefire.testng.TestNGXmlTestSuite.execute(TestNGXmlTestSuite.java:75)\r\n\tat org.apache.maven.surefire.testng.TestNGProvider.invoke(TestNGProvider.java:120)\r\n\tat org.apache.maven.surefire.booter.ForkedBooter.invokeProviderInSameClassLoader(ForkedBooter.java:383)\r\n\tat org.apache.maven.surefire.booter.ForkedBooter.runSuitesInProcess(ForkedBooter.java:344)\r\n\tat org.apache.maven.surefire.booter.ForkedBooter.execute(ForkedBooter.java:125)\r\n\tat org.apache.maven.surefire.booter.ForkedBooter.main(ForkedBooter.java:417)\r\n"},"stage":"finished","steps":[{"name":"checkPageTitle","status":"failed","statusDetails":{"known":false,"muted":false,"flaky":false,"message":"Page title in incorrect. expected [Laravel] but found []","trace":"java.lang.AssertionError: Page title in incorrect. expected [Laravel] but found []\r\n\tat org.testng.Assert.fail(Assert.java:96)\r\n\tat org.testng.Assert.failNotEquals(Assert.java:776)\r\n\tat org.testng.Assert.assertEqualsImpl(Assert.java:137)\r\n\tat org.testng.Assert.assertEquals(Assert.java:118)\r\n\tat org.testng.Assert.assertEquals(Assert.java:453)\r\n\tat pages.basePage.BasePage.checkPageTitle(BasePage.java:93)\r\n\tat pages.homePage.HomePage.isLoaded(HomePage.java:51)\r\n\tat org.openqa.selenium.support.ui.SlowLoadableComponent.get(SlowLoadableComponent.java:48)\r\n\tat registrationTests.SuccessfulRegistrationTests.setUp(SuccessfulRegistrationTests.java:15)\r\n\tat java.base/jdk.internal.reflect.NativeMethodAccessorImpl.invoke0(Native Method)\r\n\tat java.base/jdk.internal.reflect.NativeMethodAccessorImpl.invoke(NativeMethodAccessorImpl.java:62)\r\n\tat java.base/jdk.internal.reflect.DelegatingMethodAccessorImpl.invoke(DelegatingMethodAccessorImpl.java:43)\r\n\tat java.base/java.lang.reflect.Method.invoke(Method.java:564)\r\n\tat org.testng.internal.MethodInvocationHelper.invokeMethod(MethodInvocationHelper.java:124)\r\n\tat org.testng.internal.MethodInvocationHelper.invokeMethodConsideringTimeout(MethodInvocationHelper.java:59)\r\n\tat org.testng.internal.Invoker.invokeConfigurationMethod(Invoker.java:458)\r\n\tat org.testng.internal.Invoker.invokeConfigurations(Invoker.java:222)\r\n\tat org.testng.internal.Invoker.invokeConfigurations(Invoker.java:142)\r\n\tat org.testng.internal.TestMethodWorker.invokeBeforeClassMethods(TestMethodWorker.java:168)\r\n\tat org.testng.internal.TestMethodWorker.run(TestMethodWorker.java:105)\r\n\tat org.testng.TestRunner.privateRun(TestRunner.java:648)\r\n\tat org.testng.TestRunner.run(TestRunner.java:505)\r\n\tat org.testng.SuiteRunner.runTest(SuiteRunner.java:455)\r\n\tat org.testng.SuiteRunner.runSequentially(SuiteRunner.java:450)\r\n\tat org.testng.SuiteRunner.privateRun(SuiteRunner.java:415)\r\n\tat org.testng.SuiteRunner.run(SuiteRunner.java:364)\r\n\tat org.testng.SuiteRunnerWorker.runSuite(SuiteRunnerWorker.java:52)\r\n\tat org.testng.SuiteRunnerWorker.run(SuiteRunnerWorker.java:84)\r\n\tat org.testng.TestNG.runSuitesSequentially(TestNG.java:1208)\r\n\tat org.testng.TestNG.runSuitesLocally(TestNG.java:1137)\r\n\tat org.testng.TestNG.runSuites(TestNG.java:1049)\r\n\tat org.testng.TestNG.run(TestNG.java:1017)\r\n\tat org.apache.maven.surefire.testng.TestNGExecutor.run(TestNGExecutor.java:283)\r\n\tat org.apache.maven.surefire.testng.TestNGXmlTestSuite.execute(TestNGXmlTestSuite.java:75)\r\n\tat org.apache.maven.surefire.testng.TestNGProvider.invoke(TestNGProvider.java:120)\r\n\tat org.apache.maven.surefire.booter.ForkedBooter.invokeProviderInSameClassLoader(ForkedBooter.java:383)\r\n\tat org.apache.maven.surefire.booter.ForkedBooter.runSuitesInProcess(ForkedBooter.java:344)\r\n\tat org.apache.maven.surefire.booter.ForkedBooter.execute(ForkedBooter.java:125)\r\n\tat org.apache.maven.surefire.booter.ForkedBooter.main(ForkedBooter.java:417)\r\n"},"stage":"finished","steps":[],"attachments":[],"parameters":[{"name":"strPageTitle","value":"Laravel"}],"start":1591258801552,"stop":1591258801562}],"attachments":[],"parameters":[],"start":1591258801552,"stop":1591258801562},{"name":"load","status":"passed","stage":"finished","steps":[{"name":"open","status":"passed","stage":"finished","steps":[],"attachments":[],"parameters":[{"name":"strPageURL","value":"/"},{"name":"bUseBaseURL","value":"true"}],"start":1591258801562,"stop":1591258801916}],"attachments":[],"parameters":[],"start":1591258801562,"stop":1591258801916},{"name":"isLoaded","status":"passed","stage":"finished","steps":[{"name":"checkPageTitle","status":"passed","stage":"finished","steps":[],"attachments":[],"parameters":[{"name":"strPageTitle","value":"Laravel"}],"start":1591258801916,"stop":1591258801921},{"name":"checkPageURL","status":"passed","stage":"finished","steps":[{"name":"checkPageURL","status":"passed","stage":"finished","steps":[],"attachments":[],"parameters":[{"name":"strPageURL","value":"/"},{"name":"bUseBaseURL","value":"true"}],"start":1591258801921,"stop":1591258801924}],"attachments":[],"parameters":[{"name":"strPageURL","value":"/"}],"start":1591258801921,"stop":1591258801924},{"name":"waitElementToBeInvisible","status":"passed","stage":"finished","steps":[],"attachments":[],"parameters":[{"name":"webElement","value":"[[ChromeDriver: chrome on XP (61dae29efa5f3fd2537b7a7541b709f1)] -> xpath: //*[text()='Laravel']]"}],"start":1591258801933,"stop":1591258801946}],"attachments":[],"parameters":[],"start":1591258801916,"stop":1591258802947},{"name":"clickOnRegisterButton","status":"passed","stage":"finished","steps":[{"name":"waitElementToBeVisible","status":"passed","stage":"finished","steps":[],"attachments":[],"parameters":[{"name":"webElement","value":"[[ChromeDriver: chrome on XP (61dae29efa5f3fd2537b7a7541b709f1)] -> xpath: //*[text() = 'Register']]"},{"name":"seconds","value":"10"}],"start":1591258802956,"stop":1591258802969},{"name":"waitElementToBeClickable","status":"passed","stage":"finished","steps":[],"attachments":[],"parameters":[{"name":"webElement","value":"[[ChromeDriver: chrome on XP (61dae29efa5f3fd2537b7a7541b709f1)] -> xpath: //*[text() = 'Register']]"}],"start":1591258802975,"stop":1591258802995},{"name":"clickOnElement","status":"passed","stage":"finished","steps":[],"attachments":[],"parameters":[{"name":"webElement","value":"[[ChromeDriver: chrome on XP (61dae29efa5f3fd2537b7a7541b709f1)] -> xpath: //*[text() = 'Register']]"}],"start":1591258803000,"stop":1591258803372}],"attachments":[],"parameters":[],"start":1591258802947,"stop":1591258803372},{"name":"isLoaded","status":"passed","stage":"finished","steps":[{"name":"checkPageTitle","status":"passed","stage":"finished","steps":[],"attachments":[],"parameters":[{"name":"strPageTitle","value":"QA_task"}],"start":1591258803372,"stop":1591258803374},{"name":"checkPageURL","status":"passed","stage":"finished","steps":[{"name":"checkPageURL","status":"passed","stage":"finished","steps":[],"attachments":[],"parameters":[{"name":"strPageURL","value":"/register"},{"name":"bUseBaseURL","value":"true"}],"start":1591258803374,"stop":1591258803376}],"attachments":[],"parameters":[{"name":"strPageURL","value":"/register"}],"start":1591258803374,"stop":1591258803376},{"name":"checkIfElementIsVisible","status":"passed","stage":"finished","steps":[],"attachments":[],"parameters":[{"name":"webElement","value":"[[ChromeDriver: chrome on XP (61dae29efa5f3fd2537b7a7541b709f1)] -> xpath: //*[@type = 'submit']]"}],"start":1591258803384,"stop":1591258803398}],"attachments":[],"parameters":[],"start":1591258803372,"stop":1591258804399}],"attachments":[],"parameters":[],"start":1591258801551,"stop":1591258804399}],"afters":[{"name":"tearDown","status":"passed","stage":"finished","description":"Clean app Data and Close Browser","steps":[],"attachments":[],"parameters":[],"start":1591258806805,"stop":1591258807370}],"links":[],"start":1591258733721,"stop":1591258807409}