{"uuid":"ecb5745b-c07d-4214-a7c9-90b586b7772c","name":"registrationTests.FailedRegistrationTests","children":["bcdc0fe9-8ef7-4e89-9abb-9891375e7aae","51ba7ac5-87a7-4717-9a63-4ab52d76689f","c9a740a7-c2b2-4f45-bd53-09fd96d4f8e3","cd91f018-59ec-474c-92e2-e0ae40d6d59d","ff0fa6b0-49f2-405d-a861-794719f8d3e4"],"befores":[{"name":"Before method","status":"passed","stage":"finished","description":"Before method","steps":[],"attachments":[],"parameters":[],"start":1591258771089,"stop":1591258776043},{"name":"setUp","status":"passed","stage":"finished","description":"Open Register To Application Page","steps":[{"name":"isLoaded","status":"failed","statusDetails":{"known":false,"muted":false,"flaky":false,"message":"Page title in incorrect. expected [Laravel] but found []","trace":"java.lang.AssertionError: Page title in incorrect. expected [Laravel] but found []\r\n\tat org.testng.Assert.fail(Assert.java:96)\r\n\tat org.testng.Assert.failNotEquals(Assert.java:776)\r\n\tat org.testng.Assert.assertEqualsImpl(Assert.java:137)\r\n\tat org.testng.Assert.assertEquals(Assert.java:118)\r\n\tat org.testng.Assert.assertEquals(Assert.java:453)\r\n\tat pages.basePage.BasePage.checkPageTitle(BasePage.java:93)\r\n\tat pages.homePage.HomePage.isLoaded(HomePage.java:51)\r\n\tat org.openqa.selenium.support.ui.SlowLoadableComponent.get(SlowLoadableComponent.java:48)\r\n\tat registrationTests.FailedRegistrationTests.setUp(FailedRegistrationTests.java:17)\r\n\tat java.base/jdk.internal.reflect.NativeMethodAccessorImpl.invoke0(Native Method)\r\n\tat java.base/jdk.internal.reflect.NativeMethodAccessorImpl.invoke(NativeMethodAccessorImpl.java:62)\r\n\tat java.base/jdk.internal.reflect.DelegatingMethodAccessorImpl.invoke(DelegatingMethodAccessorImpl.java:43)\r\n\tat java.base/java.lang.reflect.Method.invoke(Method.java:564)\r\n\tat org.testng.internal.MethodInvocationHelper.invokeMethod(MethodInvocationHelper.java:124)\r\n\tat org.testng.internal.MethodInvocationHelper.invokeMethodConsideringTimeout(MethodInvocationHelper.java:59)\r\n\tat org.testng.internal.Invoker.invokeConfigurationMethod(Invoker.java:458)\r\n\tat org.testng.internal.Invoker.invokeConfigurations(Invoker.java:222)\r\n\tat org.testng.internal.Invoker.invokeConfigurations(Invoker.java:142)\r\n\tat org.testng.internal.TestMethodWorker.invokeBeforeClassMethods(TestMethodWorker.java:168)\r\n\tat org.testng.internal.TestMethodWorker.run(TestMethodWorker.java:105)\r\n\tat org.testng.TestRunner.privateRun(TestRunner.java:648)\r\n\tat org.testng.TestRunner.run(TestRunner.java:505)\r\n\tat org.testng.SuiteRunner.runTest(SuiteRunner.java:455)\r\n\tat org.testng.SuiteRunner.runSequentially(SuiteRunner.java:450)\r\n\tat org.testng.SuiteRunner.privateRun(SuiteRunner.java:415)\r\n\tat org.testng.SuiteRunner.run(SuiteRunner.java:364)\r\n\tat org.testng.SuiteRunnerWorker.runSuite(SuiteRunnerWorker.java:52)\r\n\tat org.testng.SuiteRunnerWorker.run(SuiteRunnerWorker.java:84)\r\n\tat org.testng.TestNG.runSuitesSequentially(TestNG.java:1208)\r\n\tat org.testng.TestNG.runSuitesLocally(TestNG.java:1137)\r\n\tat org.testng.TestNG.runSuites(TestNG.java:1049)\r\n\tat org.testng.TestNG.run(TestNG.java:1017)\r\n\tat org.apache.maven.surefire.testng.TestNGExecutor.run(TestNGExecutor.java:283)\r\n\tat org.apache.maven.surefire.testng.TestNGXmlTestSuite.execute(TestNGXmlTestSuite.java:75)\r\n\tat org.apache.maven.surefire.testng.TestNGProvider.invoke(TestNGProvider.java:120)\r\n\tat org.apache.maven.surefire.booter.ForkedBooter.invokeProviderInSameClassLoader(ForkedBooter.java:383)\r\n\tat org.apache.maven.surefire.booter.ForkedBooter.runSuitesInProcess(ForkedBooter.java:344)\r\n\tat org.apache.maven.surefire.booter.ForkedBooter.execute(ForkedBooter.java:125)\r\n\tat org.apache.maven.surefire.booter.ForkedBooter.main(ForkedBooter.java:417)\r\n"},"stage":"finished","steps":[{"name":"checkPageTitle","status":"failed","statusDetails":{"known":false,"muted":false,"flaky":false,"message":"Page title in incorrect. expected [Laravel] but found []","trace":"java.lang.AssertionError: Page title in incorrect. expected [Laravel] but found []\r\n\tat org.testng.Assert.fail(Assert.java:96)\r\n\tat org.testng.Assert.failNotEquals(Assert.java:776)\r\n\tat org.testng.Assert.assertEqualsImpl(Assert.java:137)\r\n\tat org.testng.Assert.assertEquals(Assert.java:118)\r\n\tat org.testng.Assert.assertEquals(Assert.java:453)\r\n\tat pages.basePage.BasePage.checkPageTitle(BasePage.java:93)\r\n\tat pages.homePage.HomePage.isLoaded(HomePage.java:51)\r\n\tat org.openqa.selenium.support.ui.SlowLoadableComponent.get(SlowLoadableComponent.java:48)\r\n\tat registrationTests.FailedRegistrationTests.setUp(FailedRegistrationTests.java:17)\r\n\tat java.base/jdk.internal.reflect.NativeMethodAccessorImpl.invoke0(Native Method)\r\n\tat java.base/jdk.internal.reflect.NativeMethodAccessorImpl.invoke(NativeMethodAccessorImpl.java:62)\r\n\tat java.base/jdk.internal.reflect.DelegatingMethodAccessorImpl.invoke(DelegatingMethodAccessorImpl.java:43)\r\n\tat java.base/java.lang.reflect.Method.invoke(Method.java:564)\r\n\tat org.testng.internal.MethodInvocationHelper.invokeMethod(MethodInvocationHelper.java:124)\r\n\tat org.testng.internal.MethodInvocationHelper.invokeMethodConsideringTimeout(MethodInvocationHelper.java:59)\r\n\tat org.testng.internal.Invoker.invokeConfigurationMethod(Invoker.java:458)\r\n\tat org.testng.internal.Invoker.invokeConfigurations(Invoker.java:222)\r\n\tat org.testng.internal.Invoker.invokeConfigurations(Invoker.java:142)\r\n\tat org.testng.internal.TestMethodWorker.invokeBeforeClassMethods(TestMethodWorker.java:168)\r\n\tat org.testng.internal.TestMethodWorker.run(TestMethodWorker.java:105)\r\n\tat org.testng.TestRunner.privateRun(TestRunner.java:648)\r\n\tat org.testng.TestRunner.run(TestRunner.java:505)\r\n\tat org.testng.SuiteRunner.runTest(SuiteRunner.java:455)\r\n\tat org.testng.SuiteRunner.runSequentially(SuiteRunner.java:450)\r\n\tat org.testng.SuiteRunner.privateRun(SuiteRunner.java:415)\r\n\tat org.testng.SuiteRunner.run(SuiteRunner.java:364)\r\n\tat org.testng.SuiteRunnerWorker.runSuite(SuiteRunnerWorker.java:52)\r\n\tat org.testng.SuiteRunnerWorker.run(SuiteRunnerWorker.java:84)\r\n\tat org.testng.TestNG.runSuitesSequentially(TestNG.java:1208)\r\n\tat org.testng.TestNG.runSuitesLocally(TestNG.java:1137)\r\n\tat org.testng.TestNG.runSuites(TestNG.java:1049)\r\n\tat org.testng.TestNG.run(TestNG.java:1017)\r\n\tat org.apache.maven.surefire.testng.TestNGExecutor.run(TestNGExecutor.java:283)\r\n\tat org.apache.maven.surefire.testng.TestNGXmlTestSuite.execute(TestNGXmlTestSuite.java:75)\r\n\tat org.apache.maven.surefire.testng.TestNGProvider.invoke(TestNGProvider.java:120)\r\n\tat org.apache.maven.surefire.booter.ForkedBooter.invokeProviderInSameClassLoader(ForkedBooter.java:383)\r\n\tat org.apache.maven.surefire.booter.ForkedBooter.runSuitesInProcess(ForkedBooter.java:344)\r\n\tat org.apache.maven.surefire.booter.ForkedBooter.execute(ForkedBooter.java:125)\r\n\tat org.apache.maven.surefire.booter.ForkedBooter.main(ForkedBooter.java:417)\r\n"},"stage":"finished","steps":[],"attachments":[],"parameters":[{"name":"strPageTitle","value":"Laravel"}],"start":1591258776043,"stop":1591258776055}],"attachments":[],"parameters":[],"start":1591258776043,"stop":1591258776055},{"name":"load","status":"passed","stage":"finished","steps":[{"name":"open","status":"passed","stage":"finished","steps":[],"attachments":[],"parameters":[{"name":"strPageURL","value":"/"},{"name":"bUseBaseURL","value":"true"}],"start":1591258776055,"stop":1591258776402}],"attachments":[],"parameters":[],"start":1591258776055,"stop":1591258776402},{"name":"isLoaded","status":"passed","stage":"finished","steps":[{"name":"checkPageTitle","status":"passed","stage":"finished","steps":[],"attachments":[],"parameters":[{"name":"strPageTitle","value":"Laravel"}],"start":1591258776402,"stop":1591258776406},{"name":"checkPageURL","status":"passed","stage":"finished","steps":[{"name":"checkPageURL","status":"passed","stage":"finished","steps":[],"attachments":[],"parameters":[{"name":"strPageURL","value":"/"},{"name":"bUseBaseURL","value":"true"}],"start":1591258776406,"stop":1591258776410}],"attachments":[],"parameters":[{"name":"strPageURL","value":"/"}],"start":1591258776406,"stop":1591258776410},{"name":"waitElementToBeInvisible","status":"passed","stage":"finished","steps":[],"attachments":[],"parameters":[{"name":"webElement","value":"[[ChromeDriver: chrome on XP (2f80153b53a45b59f70530e0ed7fd904)] -> xpath: //*[text()='Laravel']]"}],"start":1591258776420,"stop":1591258776432}],"attachments":[],"parameters":[],"start":1591258776402,"stop":1591258777435},{"name":"clickOnRegisterButton","status":"passed","stage":"finished","steps":[{"name":"waitElementToBeVisible","status":"passed","stage":"finished","steps":[],"attachments":[],"parameters":[{"name":"webElement","value":"[[ChromeDriver: chrome on XP (2f80153b53a45b59f70530e0ed7fd904)] -> xpath: //*[text() = 'Register']]"},{"name":"seconds","value":"10"}],"start":1591258777445,"stop":1591258777459},{"name":"waitElementToBeClickable","status":"passed","stage":"finished","steps":[],"attachments":[],"parameters":[{"name":"webElement","value":"[[ChromeDriver: chrome on XP (2f80153b53a45b59f70530e0ed7fd904)] -> xpath: //*[text() = 'Register']]"}],"start":1591258777466,"stop":1591258777486},{"name":"clickOnElement","status":"passed","stage":"finished","steps":[],"attachments":[],"parameters":[{"name":"webElement","value":"[[ChromeDriver: chrome on XP (2f80153b53a45b59f70530e0ed7fd904)] -> xpath: //*[text() = 'Register']]"}],"start":1591258777491,"stop":1591258778080}],"attachments":[],"parameters":[],"start":1591258777435,"stop":1591258778080},{"name":"isLoaded","status":"passed","stage":"finished","steps":[{"name":"checkPageTitle","status":"passed","stage":"finished","steps":[],"attachments":[],"parameters":[{"name":"strPageTitle","value":"QA_task"}],"start":1591258778080,"stop":1591258778082},{"name":"checkPageURL","status":"passed","stage":"finished","steps":[{"name":"checkPageURL","status":"passed","stage":"finished","steps":[],"attachments":[],"parameters":[{"name":"strPageURL","value":"/register"},{"name":"bUseBaseURL","value":"true"}],"start":1591258778082,"stop":1591258778085}],"attachments":[],"parameters":[{"name":"strPageURL","value":"/register"}],"start":1591258778082,"stop":1591258778085},{"name":"checkIfElementIsVisible","status":"passed","stage":"finished","steps":[],"attachments":[],"parameters":[{"name":"webElement","value":"[[ChromeDriver: chrome on XP (2f80153b53a45b59f70530e0ed7fd904)] -> xpath: //*[@type = 'submit']]"}],"start":1591258778093,"stop":1591258778106}],"attachments":[],"parameters":[],"start":1591258778080,"stop":1591258779107}],"attachments":[],"parameters":[],"start":1591258776043,"stop":1591258779107}],"afters":[{"name":"tearDown","status":"passed","stage":"finished","description":"Clean app Data and Close Browser","steps":[],"attachments":[],"parameters":[],"start":1591258787362,"stop":1591258787944}],"links":[],"start":1591258733720,"stop":1591258807388}